<?xml version="1.0" encoding="UTF-8"?>
<!-- Generated by org.testng.reporters.JUnitReportReporter -->
<testsuite hostname="ANAND" failures="0" tests="1" name="testCases.TC_002_LoginTest" time="1.634" errors="0" timestamp="2024-07-16T10:43:45 IST" skipped="0">
  <testcase classname="testCases.TC_002_LoginTest" name="VerifyLogin" time="1.634"/>
</testsuite> <!-- testCases.TC_002_LoginTest -->
