<?xml version="1.0" encoding="UTF-8"?>
<!-- Generated by org.testng.reporters.JUnitReportReporter -->
<testsuite hostname="ANAND" failures="0" tests="1" name="testCases.TC_001_AccountRegistrationTest" time="2.267" errors="0" timestamp="2024-07-16T10:43:45 IST" skipped="0">
  <testcase classname="testCases.TC_001_AccountRegistrationTest" name="verify_account_registration" time="2.267"/>
</testsuite> <!-- testCases.TC_001_AccountRegistrationTest -->
